SF:lib/repositories/api/base_endpoints.dart
DA:2,1
DA:4,1
LF:2
LH:2
end_of_record
SF:lib/repositories/api/book_store_api.dart
DA:12,1
DA:14,1
DA:16,3
DA:17,1
DA:24,2
DA:25,1
DA:26,5
DA:27,5
DA:28,3
DA:29,2
LF:10
LH:10
end_of_record
SF:lib/repositories/models/access_info.dart
DA:16,1
DA:29,2
DA:30,1
DA:31,1
DA:32,1
DA:33,1
DA:34,1
DA:35,3
DA:36,3
DA:37,1
DA:38,1
DA:39,1
LF:12
LH:12
end_of_record
SF:lib/repositories/models/epub.dart
DA:4,1
DA:6,2
DA:7,1
LF:3
LH:3
end_of_record
SF:lib/repositories/models/pdf.dart
DA:4,1
DA:6,2
DA:7,1
LF:3
LH:3
end_of_record
SF:lib/repositories/models/book_model.dart
DA:16,1
DA:27,2
DA:28,1
DA:29,1
DA:30,1
DA:31,1
DA:32,3
DA:33,3
DA:34,3
DA:35,3
LF:10
LH:10
end_of_record
SF:lib/repositories/models/sale_info.dart
DA:6,1
DA:8,2
DA:9,1
DA:10,1
DA:11,1
LF:5
LH:5
end_of_record
SF:lib/repositories/models/search_info.dart
DA:4,1
DA:6,2
DA:7,1
LF:3
LH:3
end_of_record
SF:lib/repositories/models/volume_info.dart
DA:24,1
DA:43,2
DA:44,1
DA:45,1
DA:46,1
DA:47,1
DA:48,3
DA:49,1
DA:51,3
DA:52,1
DA:53,1
DA:54,1
DA:55,1
DA:56,1
DA:57,1
DA:59,2
DA:60,3
DA:61,1
DA:62,1
DA:63,1
DA:64,1
LF:21
LH:21
end_of_record
SF:lib/repositories/models/image_links.dart
DA:5,1
DA:7,2
DA:8,1
DA:9,1
LF:4
LH:4
end_of_record
SF:lib/repositories/models/industry_identifier.dart
DA:5,1
DA:7,1
DA:8,1
DA:9,1
DA:10,1
LF:5
LH:5
end_of_record
SF:lib/repositories/models/panelization_summary.dart
DA:5,1
DA:10,1
DA:11,1
DA:12,1
DA:13,1
LF:5
LH:5
end_of_record
SF:lib/repositories/models/reading_modes.dart
DA:5,1
DA:7,2
DA:8,1
DA:9,1
LF:4
LH:4
end_of_record
SF:lib/main.dart
DA:3,0
DA:4,0
DA:8,2
DA:11,1
DA:13,1
DA:15,1
DA:33,1
DA:46,1
DA:47,1
DA:53,1
DA:54,2
DA:60,2
DA:64,1
DA:72,1
DA:73,1
DA:76,3
DA:78,1
DA:81,1
DA:97,1
DA:101,1
DA:102,2
DA:103,3
DA:108,1
DA:109,1
LF:24
LH:22
end_of_record
